focusor/app/build/outputs/mapping/release/seeds.txt
com.focusor.studyplanner.MainActivity_GeneratedInjector
com.focusor.studyplanner.FocusorApp
com.focusor.studyplanner.FocusorApp_GeneratedInjector
com.focusor.studyplanner.MainActivity
com.focusor.studyplanner.FocusorApp: FocusorApp()
com.focusor.studyplanner.MainActivity: MainActivity()
...
com.github.mikephil.charting.components.AxisBase: void resetAxisMaximum()
com.github.mikephil.charting.matrix.Vector3: Vector3(float,float,float)
com.github.mikephil.charting.utils.Transformer: com.github.mikephil.charting.utils.MPPointD getValuesByTouchPoint(float,float)
com.github.mikephil.charting.data.BarDataSet: void calcMinMax(com.github.mikephil.charting.data.Entry)
androidx.room.RoomTrackingLiveData: java.util.concurrent.Callable getComputeFunction()
androidx.room.MultiInstanceInvalidationClient: void setService(androidx.room.IMultiInstanceInvalidationService)
androidx.appcompat.widget.AppCompatImageView: android.content.res.ColorStateList getSupportBackgroundTintList()
com.github.mikephil.charting.listener.ChartTouchListener: void startAction(android.view.MotionEvent)
com.github.mikephil.charting.data.CandleDataSet: int getShadowColor()
com.github.mikephil.charting.data.CandleEntry: float getShadowRange()
com.github.mikephil.charting.data.BarLineScatterCandleBubbleData: BarLineScatterCandleBubbleData(java.util.List)
com.github.mikephil.charting.renderer.CombinedChartRenderer: void setSubRenderers(java.util.List)
com.github.mikephil.charting.data.LineDataSet: void setCircleColors(int[],android.content.Context)
androidx.core.view.ViewCompat$Api17Impl: android.view.Display getDisplay(android.view.View)
androidx.emoji2.text.EmojiCompatInitializer: EmojiCompatInitializer()
com.github.mikephil.charting.charts.Chart: float getDragDecelerationFrictionCoef()
com.google.android.material.chip.Chip: void setShapeAppearanceModel(com.google.android.material.shape.ShapeAppearanceModel)
androidx.vectordrawable.graphics.drawable.VectorDrawableCompat$VGroup: float getRotation()
androidx.profileinstaller.ProfileVerifier$Api33Impl: android.content.pm.PackageInfo getPackageInfo(android.content.pm.PackageManager,android.content.Context)
androidx.room.ColumnInfo: int collate()
com.github.mikephil.charting.data.ChartData: ChartData(java.util.List)
androidx.lifecycle.LiveData: void postValue(java.lang.Object)
com.github.mikephil.charting.charts.Chart$1: void onAnimationUpdate(android.animation.ValueAnimator)
com.github.mikephil.charting.formatter.ValueFormatter: java.lang.String getFormattedValue(float,com.github.mikephil.charting.components.AxisBase)
androidx.room.util.StringUtil: java.util.List splitToIntList(java.lang.String)
androidx.appcompat.widget.ActionBarContainer: void setSplitBackground(android.graphics.drawable.Drawable)
com.github.mikephil.charting.highlight.PieRadarHighlighter: PieRadarHighlighter(com.github.mikephil.charting.charts.PieRadarChartBase)
com.github.mikephil.charting.charts.HorizontalBarChart: void setVisibleYRangeMaximum(float,com.github.mikephil.charting.components.YAxis$AxisDependency)
com.github.mikephil.charting.charts.PieRadarChartBase: void setRotationEnabled(boolean)
androidx.appcompat.widget.AppCompatEditText: android.view.ActionMode$Callback getCustomSelectionActionModeCallback()
androidx.core.view.GravityCompat$Api17Impl: void apply(int,int,int,android.graphics.Rect,int,int,android.graphics.Rect,int)
com.github.mikephil.charting.highlight.PieHighlighter: com.github.mikephil.charting.highlight.Highlight getClosestHighlight(int,float,float)
com.github.mikephil.charting.R: R()
com.github.mikephil.charting.renderer.CandleStickChartRenderer: void drawExtras(android.graphics.Canvas)
androidx.room.AutoClosingRoomOpenHelper$AutoClosingSupportSQLiteDatabase: void setMaxSqlCacheSize(int)
androidx.room.util.RelationUtil: void recursiveFetchHashMap(java.util.HashMap,boolean,kotlin.jvm.functions.Function1)
androidx.room.AutoClosingRoomOpenHelper$AutoClosingSupportSQLiteDatabase: void setVersion(int)
com.github.mikephil.charting.data.BaseDataSet: void setFormSize(float)
com.github.mikephil.charting.renderer.BarChartRenderer: void initBuffers()
androidx.room.util.StringUtil: void appendPlaceholders(java.lang.StringBuilder,int)
com.github.mikephil.charting.utils.Utils: java.lang.String[] convertStrings(java.util.List)