focusor/app/build/outputs/mapping/release/mapping.txt
# compiler: R8
# compiler_version: 8.2.47
# min_api: 26
# common_typos_disable
# {"id":"com.android.tools.r8.mapping","version":"2.2"}
# pg_map_id: e3dc9e9
# pg_map_hash: SHA-256 e3dc9e9040b684252d242fc8f9a57ee9f81bcae006b103254afa471716a508a0
com.focusor.studyplanner.ComposableSingletons$MainActivityKt -> b4.c:
# {"id":"sourceFile","fileName":"MainActivity.kt"}
    kotlin.jvm.functions.Function2 lambda-1 -> a
      # {"id":"com.android.tools.r8.residualsignature","signature":"Ld0/c;"}
    kotlin.jvm.functions.Function3 lambda-2 -> b
      # {"id":"com.android.tools.r8.residualsignature","signature":"Ld0/c;"}
    2:14:androidx.compose.runtime.internal.ComposableLambda androidx.compose.runtime.internal.ComposableLambdaKt.composableLambdaInstance(int,boolean,java.lang.Object):616:616 -> <clinit>
    2:14:void <clinit>():19 -> <clinit>
    15:25:androidx.compose.runtime.internal.ComposableLambda androidx.compose.runtime.internal.ComposableLambdaKt.composableLambdaInstance(int,boolean,java.lang.Object):616:616 -> <clinit>
    15:25:void <clinit>():25 -> <clinit>
com.focusor.studyplanner.ComposableSingletons$MainActivityKt$lambda-1$1 -> b4.a:
# {"id":"sourceFile","fileName":"MainActivity.kt"}
    com.focusor.studyplanner.ComposableSingletons$MainActivityKt$lambda-1$1 INSTANCE -> h
      # {"id":"com.android.tools.r8.residualsignature","signature":"Lb4/a;"}
    3:8:void com.focusor.studyplanner.ComposableSingletons$MainActivityKt$lambda-1$1.<init>():0:0 -> <clinit>
    3:8:void <clinit>():0 -> <clinit>
    0:15:java.lang.Object invoke(java.lang.Object,java.lang.Object):19:19 -> invoke
    16:33:void com.focusor.studyplanner.ComposableSingletons$MainActivityKt$lambda-1$1.invoke(androidx.compose.runtime.Composer,int):19:19 -> invoke
    16:33:java.lang.Object invoke(java.lang.Object,java.lang.Object):19 -> invoke
com.focusor.studyplanner.ComposableSingletons$MainActivityKt$lambda-2$1 -> b4.b:
# {"id":"sourceFile","fileName":"MainActivity.kt"}
    com.focusor.studyplanner.ComposableSingletons$MainActivityKt$lambda-2$1 INSTANCE -> h
      # {"id":"com.android.tools.r8.residualsignature","signature":"Lb4/b;"}
    3:8:void com.focusor.studyplanner.ComposableSingletons$MainActivityKt$lambda-2$1.<init>():0:0 -> <clinit>
    3:8:void <clinit>():0 -> <clinit>
    0:17:java.lang.Object invoke(java.lang.Object,java.lang.Object,java.lang.Object):25:25 -> invoke
    18:29:void com.focusor.studyplanner.ComposableSingletons$MainActivityKt$lambda-2$1.invoke(androidx.compose.foundation.layout.PaddingValues,androidx.compose.runtime.Composer,int):0:0 -> invoke
    18:29:java.lang.Object invoke(java.lang.Object,java.lang.Object,java.lang.Object):25 -> invoke
    30:36:void com.focusor.studyplanner.ComposableSingletons$MainActivityKt$lambda-2$1.invoke(androidx.compose.foundation.layout.PaddingValues,androidx.compose.runtime.Composer,int):26:26 -> invoke
    30:36:java.lang.Object invoke(java.lang.Object,java.lang.Object,java.lang.Object):25 -> invoke
    37:46:void com.focusor.studyplanner.ComposableSingletons$MainActivityKt$lambda-2$1.invoke(androidx.compose.foundation.layout.PaddingValues,androidx.compose.runtime.Composer,int):28:28 -> invoke
    37:46:java.lang.Object invoke(java.lang.Object,java.lang.Object,java.lang.Object):25 -> invoke
com.focusor.studyplanner.DaggerFocusorApp_HiltComponents_SingletonC$ActivityCBuilder -> R8$$REMOVED$$CLASS$$816:
# {"id":"sourceFile","fileName":"DaggerFocusorApp_HiltComponents_SingletonC.java"}
com.focusor.studyplanner.DaggerFocusorApp_HiltComponents_SingletonC$ActivityCImpl -> b4.d:
# {"id":"sourceFile","fileName":"DaggerFocusorApp_HiltComponents_SingletonC.java"}
com.focusor.studyplanner.DaggerFocusorApp_HiltComponents_SingletonC$ActivityRetainedCBuilder -> R8$$REMOVED$$CLASS$$817:
# {"id":"sourceFile","fileName":"DaggerFocusorApp_HiltComponents_SingletonC.java"}
...
androidx.compose.runtime.changelist.Operation$InsertSlots -> x.q:
# {"id":"sourceFile","fileName":"Operation.kt"}
    androidx.compose.runtime.changelist.Operation$InsertSlots INSTANCE -> c
      # {"id":"com.android.tools.r8.residualsignature","signature":"Lx/q;"}
    5:10:void androidx.compose.runtime.changelist.Operation$InsertSlots.<init>():393:393 -> <clinit>
    5:10:void <clinit>():0 -> <clinit>
    1:7:void execute(androidx.compose.runtime.changelist.OperationArgContainer,androidx.compose.runtime.Applier,androidx.compose.runtime.SlotWriter,androidx.compose.runtime.RememberManager):408:408 -> a
      # {"id":"com.android.tools.r8.residualsignature","signature":"(Lx/h0;Lw/d;Lw/q2;Lw/z;)V"}
    8:13:void execute(androidx.compose.runtime.changelist.OperationArgContainer,androidx.compose.runtime.Applier,androidx.compose.runtime.SlotWriter,androidx.compose.runtime.RememberManager):409:409 -> a
    14:16:void execute(androidx.compose.runtime.changelist.OperationArgContainer,androidx.compose.runtime.Applier,androidx.compose.runtime.SlotWriter,androidx.compose.runtime.RememberManager):411:411 -> a
    17:19:void execute(androidx.compose.runtime.changelist.OperationArgContainer,androidx.compose.runtime.Applier,androidx.compose.runtime.SlotWriter,androidx.compose.runtime.RememberManager):414:414 -> a
    20:23:int androidx.compose.runtime.Anchor.toIndexFor(androidx.compose.runtime.SlotTable):695:695 -> a
androidx.compose.runtime.changelist.Operation$InsertSlotsWithFixups -> x.r:
# {"id":"sourceFile","fileName":"Operation.kt"}
    androidx.compose.runtime.changelist.Operation$InsertSlotsWithFixups INSTANCE -> c
      # {"id":"com.android.tools.r8.residualsignature","signature":"Lx/r;"}
    5:10:void androidx.compose.runtime.changelist.Operation$InsertSlotsWithFixups.<init>():421:421 -> <clinit>
    5:10:void <clinit>():0 -> <clinit>
    1:7:void execute(androidx.compose.runtime.changelist.OperationArgContainer,androidx.compose.runtime.Applier,androidx.compose.runtime.SlotWriter,androidx.compose.runtime.RememberManager):438:438 -> a
      # {"id":"com.android.tools.r8.residualsignature","signature":"(Lx/h0;Lw/d;Lw/q2;Lw/z;)V"}
    8:14:void execute(androidx.compose.runtime.changelist.OperationArgContainer,androidx.compose.runtime.Applier,androidx.compose.runtime.SlotWriter,androidx.compose.runtime.RememberManager):439:439 -> a
    15:20:void execute(androidx.compose.runtime.changelist.OperationArgContainer,androidx.compose.runtime.Applier,androidx.compose.runtime.SlotWriter,androidx.compose.runtime.RememberManager):440:440 -> a
    21:24:void execute(androidx.compose.runtime.changelist.OperationArgContainer,androidx.compose.runtime.Applier,androidx.compose.runtime.SlotWriter,androidx.compose.runtime.RememberManager):886:886 -> a
androidx.compose.runtime.changelist.Operation$IntParameter -> R8$$REMOVED$$CLASS$$137:
# {"id":"sourceFile","fileName":"Operation.kt"}