focusor/app/build/outputs/mapping/release/usage.txt
com.focusor.studyplanner.BuildConfig
com.focusor.studyplanner.DaggerFocusorApp_HiltComponents_SingletonC$ActivityCImpl:
    public dagger.hilt.android.internal.builders.FragmentComponentBuilder fragmentComponentBuilder()
    public dagger.hilt.android.internal.lifecycle.DefaultViewModelFactories$InternalFactoryFactory getHiltInternalFactoryFactory()
    public dagger.hilt.android.internal.builders.ViewModelComponentBuilder getViewModelComponentBuilder()
    public java.util.Map getViewModelKeys()
    public dagger.hilt.android.internal.builders.ViewComponentBuilder viewComponentBuilder()
com.focusor.studyplanner.DaggerFocusorApp_HiltComponents_SingletonC$FragmentCBuilder
com.focusor.studyplanner.DaggerFocusorApp_HiltComponents_SingletonC$FragmentCImpl
com.focusor.studyplanner.DaggerFocusorApp_HiltComponents_SingletonC$ServiceCBuilder
com.focusor.studyplanner.DaggerFocusorApp_HiltComponents_SingletonC$ServiceCImpl
com.focusor.studyplanner.DaggerFocusorApp_HiltComponents_SingletonC$SingletonCImpl:
    public java.util.Set getDisableFragmentGetContextFix()
    public dagger.hilt.android.internal.builders.ServiceComponentBuilder serviceComponentBuilder()
com.focusor.studyplanner.DaggerFocusorApp_HiltComponents_SingletonC$ViewCBuilder
com.focusor.studyplanner.DaggerFocusorApp_HiltComponents_SingletonC$ViewCImpl
com.focusor.studyplanner.DaggerFocusorApp_HiltComponents_SingletonC$ViewModelCBuilder
com.focusor.studyplanner.DaggerFocusorApp_HiltComponents_SingletonC$ViewModelCImpl
com.focusor.studyplanner.DaggerFocusorApp_HiltComponents_SingletonC$ViewWithFragmentCBuilder
com.focusor.studyplanner.DaggerFocusorApp_HiltComponents_SingletonC$ViewWithFragmentCImpl
com.focusor.studyplanner.DaggerFocusorApp_HiltComponents_SingletonC:
    private void <init>()
    public static com.focusor.studyplanner.FocusorApp_HiltComponents$SingletonC create()
com.focusor.studyplanner.FocusorApp:
    public static final int $stable
com.focusor.studyplanner.FocusorApp_ComponentTreeDeps
com.focusor.studyplanner.FocusorApp_HiltComponents$ActivityC$Builder
com.focusor.studyplanner.FocusorApp_HiltComponents$ActivityCBuilderModule
com.focusor.studyplanner.FocusorApp_HiltComponents$ActivityRetainedC$Builder
com.focusor.studyplanner.FocusorApp_HiltComponents$ActivityRetainedCBuilderModule
com.focusor.studyplanner.FocusorApp_HiltComponents$FragmentC$Builder
com.focusor.studyplanner.FocusorApp_HiltComponents$FragmentC
com.focusor.studyplanner.FocusorApp_HiltComponents$FragmentCBuilderModule
com.focusor.studyplanner.FocusorApp_HiltComponents$ServiceC$Builder
com.focusor.studyplanner.FocusorApp_HiltComponents$ServiceC
com.focusor.studyplanner.FocusorApp_HiltComponents$ServiceCBuilderModule
com.focusor.studyplanner.FocusorApp_HiltComponents$ViewC$Builder
com.focusor.studyplanner.FocusorApp_HiltComponents$ViewC
com.focusor.studyplanner.FocusorApp_HiltComponents$ViewCBuilderModule
com.focusor.studyplanner.FocusorApp_HiltComponents$ViewModelC$Builder
com.focusor.studyplanner.FocusorApp_HiltComponents$ViewModelC
com.focusor.studyplanner.FocusorApp_HiltComponents$ViewModelCBuilderModule
com.focusor.studyplanner.FocusorApp_HiltComponents$ViewWithFragmentC$Builder
com.focusor.studyplanner.FocusorApp_HiltComponents$ViewWithFragmentC
com.focusor.studyplanner.FocusorApp_HiltComponents$ViewWithFragmentCBuilderModule
com.focusor.studyplanner.FocusorApp_HiltComponents
com.focusor.studyplanner.Hilt_MainActivity:
    void <init>(int)
    public androidx.lifecycle.ViewModelProvider$Factory getDefaultViewModelProviderFactory()
com.focusor.studyplanner.MainActivity:
    public static final int $stable
com.focusor.studyplanner.R$color
com.focusor.studyplanner.R$drawable
com.focusor.studyplanner.R$mipmap
com.focusor.studyplanner.R$style
com.focusor.studyplanner.R
com.focusor.studyplanner.ComposableSingletons$MainActivityKt$lambda-1$1:
    public final void invoke(androidx.compose.runtime.Composer,int)
...
com.google.android.material.R$drawable:
    public static int abc_ab_share_pack_mtrl_alpha
    public static int abc_action_bar_item_background_material
    public static int abc_btn_borderless_material
    public static int abc_btn_check_material
    public static int abc_btn_check_material_anim
    public static int abc_btn_check_to_on_mtrl_000
    public static int abc_btn_check_to_on_mtrl_015
    public static int abc_btn_colored_material
    public static int abc_btn_default_mtrl_shape
    public static int abc_btn_radio_material
    public static int abc_btn_radio_material_anim
    public static int abc_btn_radio_to_on_mtrl_000
    public static int abc_btn_radio_to_on_mtrl_015
    public static int abc_btn_switch_to_on_mtrl_00001
    public static int abc_btn_switch_to_on_mtrl_00012
    public static int abc_cab_background_internal_bg
    public static int abc_cab_background_top_material
    public static int abc_cab_background_top_mtrl_alpha
    public static int abc_control_background_material
    public static int abc_dialog_material_background
    public static int abc_edit_text_material
    public static int abc_ic_ab_back_material
    public static int abc_ic_arrow_drop_right_black_24dp
    public static int abc_ic_clear_material
    public static int abc_ic_commit_search_api_mtrl_alpha
    public static int abc_ic_go_search_api_material
    public static int abc_ic_menu_copy_mtrl_am_alpha
    public static int abc_ic_menu_cut_mtrl_alpha
com.google.android.material.R$id:
    public static int BOTTOM_END
    public static int BOTTOM_START
    public static int NO_DEBUG
    public static int SHOW_ALL
    public static int SHOW_PATH
    public static int SHOW_PROGRESS
    public static int TOP_END
    public static int TOP_START
    public static int accelerate
    public static int accessibility_action_clickable_span
    public static int accessibility_custom_action_0
    public static int accessibility_custom_action_1
    public static int accessibility_custom_action_10
    public static int accessibility_custom_action_11
    public static int accessibility_custom_action_12
    public static int accessibility_custom_action_13
    public static int accessibility_custom_action_14
    public static int accessibility_custom_action_15
    public static int accessibility_custom_action_16
    public static int accessibility_custom_action_17
    public static int accessibility_custom_action_18
    public static int accessibility_custom_action_19
    public static int accessibility_custom_action_2
    public static int accessibility_custom_action_20
    public static int accessibility_custom_action_21
    public static int accessibility_custom_action_22
    public static int accessibility_custom_action_23
    public static int accessibility_custom_action_24
    public static int accessibility_custom_action_25
    public static int accessibility_custom_action_26
    public static int accessibility_custom_action_27